Warning[207] C:\USERS\DOUGLAS\DOWNLOADS\RTC\MAIN.ASM 70 : Found label after column 1. (COUNTH)
Warning[207] C:\USERS\DOUGLAS\DOWNLOADS\RTC\MAIN.ASM 71 : Found label after column 1. (COUNTM)
Warning[207] C:\USERS\DOUGLAS\DOWNLOADS\RTC\MAIN.ASM 72 : Found label after column 1. (COUNTL)
Warning[205] C:\USERS\DOUGLAS\DOWNLOADS\RTC\MAIN.ASM 223 : Found directive in column 1. (endm)
Warning[206] C:\USERS\DOUGLAS\DOWNLOADS\RTC\MAIN.ASM 226 : Found call to macro in column 1. (Pagechange)
Warning[205] C:\USERS\DOUGLAS\DOWNLOADS\RTC\MAIN.ASM 228 : Found directive in column 1. (dt)
Warning[206] C:\USERS\DOUGLAS\DOWNLOADS\RTC\MAIN.ASM 231 : Found call to macro in column 1. (Pagechange)
Warning[205] C:\USERS\DOUGLAS\DOWNLOADS\RTC\MAIN.ASM 233 : Found directive in column 1. (dt)
Warning[206] C:\USERS\DOUGLAS\DOWNLOADS\RTC\MAIN.ASM 236 : Found call to macro in column 1. (Pagechange)
Warning[205] C:\USERS\DOUGLAS\DOWNLOADS\RTC\MAIN.ASM 238 : Found directive in column 1. (dt)
Warning[206] C:\USERS\DOUGLAS\DOWNLOADS\RTC\MAIN.ASM 241 : Found call to macro in column 1. (Pagechange)
Warning[205] C:\USERS\DOUGLAS\DOWNLOADS\RTC\MAIN.ASM 243 : Found directive in column 1. (dt)
Warning[206] C:\USERS\DOUGLAS\DOWNLOADS\RTC\MAIN.ASM 246 : Found call to macro in column 1. (Pagechange)
Warning[205] C:\USERS\DOUGLAS\DOWNLOADS\RTC\MAIN.ASM 248 : Found directive in column 1. (dt)
Warning[206] C:\USERS\DOUGLAS\DOWNLOADS\RTC\MAIN.ASM 251 : Found call to macro in column 1. (Pagechange)
Warning[205] C:\USERS\DOUGLAS\DOWNLOADS\RTC\MAIN.ASM 253 : Found directive in column 1. (dt)
Warning[206] C:\USERS\DOUGLAS\DOWNLOADS\RTC\MAIN.ASM 256 : Found call to macro in column 1. (Pagechange)
Warning[205] C:\USERS\DOUGLAS\DOWNLOADS\RTC\MAIN.ASM 258 : Found directive in column 1. (dt)
Warning[206] C:\USERS\DOUGLAS\DOWNLOADS\RTC\MAIN.ASM 261 : Found call to macro in column 1. (Pagechange)
Warning[205] C:\USERS\DOUGLAS\DOWNLOADS\RTC\MAIN.ASM 263 : Found directive in column 1. (dt)
Warning[206] C:\USERS\DOUGLAS\DOWNLOADS\RTC\MAIN.ASM 266 : Found call to macro in column 1. (Pagechange)
Warning[205] C:\USERS\DOUGLAS\DOWNLOADS\RTC\MAIN.ASM 268 : Found directive in column 1. (dt)
Warning[206] C:\USERS\DOUGLAS\DOWNLOADS\RTC\MAIN.ASM 271 : Found call to macro in column 1. (Pagechange)
Warning[205] C:\USERS\DOUGLAS\DOWNLOADS\RTC\MAIN.ASM 273 : Found directive in column 1. (dt)
Message[302] C:\USERS\DOUGLAS\DOWNLOADS\RTC\MAIN.ASM 298 : Register in operand not in bank 0.  Ensure that bank bits are correct.
Message[302] C:\USERS\DOUGLAS\DOWNLOADS\RTC\MAIN.ASM 300 : Register in operand not in bank 0.  Ensure that bank bits are correct.
Message[302] C:\USERS\DOUGLAS\DOWNLOADS\RTC\MAIN.ASM 303 : Register in operand not in bank 0.  Ensure that bank bits are correct.
Message[302] C:\USERS\DOUGLAS\DOWNLOADS\RTC\MAIN.ASM 304 : Register in operand not in bank 0.  Ensure that bank bits are correct.
Message[302] C:\USERS\DOUGLAS\DOWNLOADS\RTC\MAIN.ASM 305 : Register in operand not in bank 0.  Ensure that bank bits are correct.
Message[302] C:\USERS\DOUGLAS\DOWNLOADS\RTC\MAIN.ASM 307 : Register in operand not in bank 0.  Ensure that bank bits are correct.
Message[302] C:\USERS\DOUGLAS\DOWNLOADS\RTC\MAIN.ASM 440 : Register in operand not in bank 0.  Ensure that bank bits are correct.
Message[302] C:\USERS\DOUGLAS\DOWNLOADS\RTC\MAIN.ASM 444 : Register in operand not in bank 0.  Ensure that bank bits are correct.
Message[302] C:\USERS\DOUGLAS\DOWNLOADS\RTC\MAIN.ASM 446 : Register in operand not in bank 0.  Ensure that bank bits are correct.
Message[302] C:\USERS\DOUGLAS\DOWNLOADS\RTC\MAIN.ASM 447 : Register in operand not in bank 0.  Ensure that bank bits are correct.
Message[302] C:\USERS\DOUGLAS\DOWNLOADS\RTC\MAIN.ASM 449 : Register in operand not in bank 0.  Ensure that bank bits are correct.
Message[302] C:\USERS\DOUGLAS\DOWNLOADS\RTC\MAIN.ASM 451 : Register in operand not in bank 0.  Ensure that bank bits are correct.
Message[302] C:\USERS\DOUGLAS\DOWNLOADS\RTC\MAIN.ASM 452 : Register in operand not in bank 0.  Ensure that bank bits are correct.
Message[302] C:\USERS\DOUGLAS\DOWNLOADS\RTC\MAIN.ASM 453 : Register in operand not in bank 0.  Ensure that bank bits are correct.
Message[302] C:\USERS\DOUGLAS\DOWNLOADS\RTC\MAIN.ASM 455 : Register in operand not in bank 0.  Ensure that bank bits are correct.
Warning[206] C:\USERS\DOUGLAS\DOWNLOADS\RTC\MAIN.ASM 470 : Found call to macro in column 1. (Pagechange)
Warning[205] C:\USERS\DOUGLAS\DOWNLOADS\RTC\MAIN.ASM 472 : Found directive in column 1. (dt)
Warning[206] C:\USERS\DOUGLAS\DOWNLOADS\RTC\MAIN.ASM 475 : Found call to macro in column 1. (Pagechange)
Warning[205] C:\USERS\DOUGLAS\DOWNLOADS\RTC\MAIN.ASM 477 : Found directive in column 1. (dt)
Message[302] C:\USERS\DOUGLAS\DOWNLOADS\RTC\MAIN.ASM 700 : Register in operand not in bank 0.  Ensure that bank bits are correct.
Message[302] C:\USERS\DOUGLAS\DOWNLOADS\RTC\MAIN.ASM 702 : Register in operand not in bank 0.  Ensure that bank bits are correct.
Message[302] C:\USERS\DOUGLAS\DOWNLOADS\RTC\MAIN.ASM 703 : Register in operand not in bank 0.  Ensure that bank bits are correct.
Message[302] C:\USERS\DOUGLAS\DOWNLOADS\RTC\MAIN.ASM 705 : Register in operand not in bank 0.  Ensure that bank bits are correct.
Message[305] C:\USERS\DOUGLAS\DOWNLOADS\RTC\MAIN.ASM 722 : Using default destination of 1 (file).
Message[305] C:\USERS\DOUGLAS\DOWNLOADS\RTC\MAIN.ASM 727 : Using default destination of 1 (file).
Message[305] C:\USERS\DOUGLAS\DOWNLOADS\RTC\MAIN.ASM 732 : Using default destination of 1 (file).
Message[305] C:\USERS\DOUGLAS\DOWNLOADS\RTC\MAIN.ASM 737 : Using default destination of 1 (file).
Message[305] C:\USERS\DOUGLAS\DOWNLOADS\RTC\MAIN.ASM 742 : Using default destination of 1 (file).
Message[305] C:\USERS\DOUGLAS\DOWNLOADS\RTC\MAIN.ASM 747 : Using default destination of 1 (file).
Message[305] C:\USERS\DOUGLAS\DOWNLOADS\RTC\MAIN.ASM 782 : Using default destination of 1 (file).
Message[305] C:\USERS\DOUGLAS\DOWNLOADS\RTC\MAIN.ASM 787 : Using default destination of 1 (file).
Message[302] C:\USERS\DOUGLAS\DOWNLOADS\RTC\MAIN.ASM 810 : Register in operand not in bank 0.  Ensure that bank bits are correct.
Message[302] C:\USERS\DOUGLAS\DOWNLOADS\RTC\MAIN.ASM 812 : Register in operand not in bank 0.  Ensure that bank bits are correct.
Message[302] C:\USERS\DOUGLAS\DOWNLOADS\RTC\MAIN.ASM 813 : Register in operand not in bank 0.  Ensure that bank bits are correct.
Message[302] C:\USERS\DOUGLAS\DOWNLOADS\RTC\MAIN.ASM 815 : Register in operand not in bank 0.  Ensure that bank bits are correct.
Message[305] C:\USERS\DOUGLAS\DOWNLOADS\RTC\MAIN.ASM 826 : Using default destination of 1 (file).
Message[305] C:\USERS\DOUGLAS\DOWNLOADS\RTC\MAIN.ASM 851 : Using default destination of 1 (file).
Message[305] C:\USERS\DOUGLAS\DOWNLOADS\RTC\MAIN.ASM 1066 : Using default destination of 1 (file).
Message[305] C:\USERS\DOUGLAS\DOWNLOADS\RTC\MAIN.ASM 1102 : Using default destination of 1 (file).
Message[302] C:\USERS\DOUGLAS\DOWNLOADS\RTC\MAIN.ASM 1331 : Register in operand not in bank 0.  Ensure that bank bits are correct.
Message[302] C:\USERS\DOUGLAS\DOWNLOADS\RTC\MAIN.ASM 1333 : Register in operand not in bank 0.  Ensure that bank bits are correct.
Message[302] C:\USERS\DOUGLAS\DOWNLOADS\RTC\MAIN.ASM 1334 : Register in operand not in bank 0.  Ensure that bank bits are correct.
Message[302] C:\USERS\DOUGLAS\DOWNLOADS\RTC\MAIN.ASM 1336 : Register in operand not in bank 0.  Ensure that bank bits are correct.
Message[302] C:\USERS\DOUGLAS\DOWNLOADS\RTC\MAIN.ASM 1539 : Register in operand not in bank 0.  Ensure that bank bits are correct.
Message[302] C:\USERS\DOUGLAS\DOWNLOADS\RTC\MAIN.ASM 1543 : Register in operand not in bank 0.  Ensure that bank bits are correct.
Message[302] C:\USERS\DOUGLAS\DOWNLOADS\RTC\MAIN.ASM 1545 : Register in operand not in bank 0.  Ensure that bank bits are correct.
Message[302] C:\USERS\DOUGLAS\DOWNLOADS\RTC\MAIN.ASM 1546 : Register in operand not in bank 0.  Ensure that bank bits are correct.
Message[302] C:\USERS\DOUGLAS\DOWNLOADS\RTC\MAIN.ASM 1548 : Register in operand not in bank 0.  Ensure that bank bits are correct.
Message[302] C:\USERS\DOUGLAS\DOWNLOADS\RTC\MAIN.ASM 1550 : Register in operand not in bank 0.  Ensure that bank bits are correct.
Message[302] C:\USERS\DOUGLAS\DOWNLOADS\RTC\MAIN.ASM 1551 : Register in operand not in bank 0.  Ensure that bank bits are correct.
Message[302] C:\USERS\DOUGLAS\DOWNLOADS\RTC\MAIN.ASM 1552 : Register in operand not in bank 0.  Ensure that bank bits are correct.
Message[302] C:\USERS\DOUGLAS\DOWNLOADS\RTC\MAIN.ASM 1554 : Register in operand not in bank 0.  Ensure that bank bits are correct.
Message[302] C:\USERS\DOUGLAS\DOWNLOADS\RTC\MAIN.ASM 1565 : Register in operand not in bank 0.  Ensure that bank bits are correct.
Message[302] C:\USERS\DOUGLAS\DOWNLOADS\RTC\MAIN.ASM 1572 : Register in operand not in bank 0.  Ensure that bank bits are correct.
Message[302] C:\USERS\DOUGLAS\DOWNLOADS\RTC\MAIN.ASM 1574 : Register in operand not in bank 0.  Ensure that bank bits are correct.
Message[302] C:\USERS\DOUGLAS\DOWNLOADS\RTC\MAIN.ASM 1575 : Register in operand not in bank 0.  Ensure that bank bits are correct.
Message[302] C:\USERS\DOUGLAS\DOWNLOADS\RTC\MAIN.ASM 1577 : Register in operand not in bank 0.  Ensure that bank bits are correct.
Message[302] C:\USERS\DOUGLAS\DOWNLOADS\RTC\MAIN.ASM 1579 : Register in operand not in bank 0.  Ensure that bank bits are correct.
Message[302] C:\USERS\DOUGLAS\DOWNLOADS\RTC\MAIN.ASM 1580 : Register in operand not in bank 0.  Ensure that bank bits are correct.
Message[302] C:\USERS\DOUGLAS\DOWNLOADS\RTC\MAIN.ASM 1581 : Register in operand not in bank 0.  Ensure that bank bits are correct.
Message[302] C:\USERS\DOUGLAS\DOWNLOADS\RTC\MAIN.ASM 1583 : Register in operand not in bank 0.  Ensure that bank bits are correct.
Warning[207] C:\USERS\DOUGLAS\DOWNLOADS\RTC\MAIN.ASM 1622 : Found label after column 1. (LCD_DELAY)
Message[305] C:\USERS\DOUGLAS\DOWNLOADS\RTC\MAIN.ASM 1746 : Using default destination of 1 (file).
Message[305] C:\USERS\DOUGLAS\DOWNLOADS\RTC\MAIN.ASM 1829 : Using default destination of 1 (file).
Message[305] C:\USERS\DOUGLAS\DOWNLOADS\RTC\MAIN.ASM 1862 : Using default destination of 1 (file).
Message[305] C:\USERS\DOUGLAS\DOWNLOADS\RTC\MAIN.ASM 1910 : Using default destination of 1 (file).
Message[302] C:\USERS\DOUGLAS\DOWNLOADS\RTC\MAIN.ASM 2550 : Register in operand not in bank 0.  Ensure that bank bits are correct.
Message[302] C:\USERS\DOUGLAS\DOWNLOADS\RTC\MAIN.ASM 2555 : Register in operand not in bank 0.  Ensure that bank bits are correct.
Message[302] C:\USERS\DOUGLAS\DOWNLOADS\RTC\MAIN.ASM 2556 : Register in operand not in bank 0.  Ensure that bank bits are correct.
Message[302] C:\USERS\DOUGLAS\DOWNLOADS\RTC\MAIN.ASM 2563 : Register in operand not in bank 0.  Ensure that bank bits are correct.
Message[302] C:\USERS\DOUGLAS\DOWNLOADS\RTC\MAIN.ASM 2700 : Register in operand not in bank 0.  Ensure that bank bits are correct.
